[    0.000000] Initializing cgroup subsys cpuset
[    0.000000] Initializing cgroup subsys cpu
[    0.000000] Initializing cgroup subsys cpuacct
[    0.000000] Linux version 4.4.0-170-generic (buildd@lcy01-amd64-019) (gcc version 5.4.0 20160609 (Ubuntu 5.4.0-6ubuntu1~16.04.12) ) #199-Ubuntu SMP Thu Nov 14 01:45:04 UTC 2019 (Ubuntu 4.4.0-170.199-generic 4.4.200)
[    0.000000] Command line: BOOT_IMAGE=/boot/vmlinuz-4.4.0-170-generic root=LABEL=cloudimg-rootfs ro console=tty1 console=ttyS0
[    0.000000] KERNEL supported cpus:
[    0.000000]   Intel GenuineIntel
[    0.000000]   AMD AuthenticAMD
[    0.000000]   Centaur CentaurHauls
[    0.000000] x86/fpu: xstate_offset[2]:  576, xstate_sizes[2]:  256
[    0.000000] x86/fpu: Supporting XSAVE feature 0x01: 'x87 floating point registers'
[    0.000000] x86/fpu: Supporting XSAVE feature 0x02: 'SSE registers'
[    0.000000] x86/fpu: Supporting XSAVE feature 0x04: 'AVX registers'
[    0.000000] x86/fpu: Enabled xstate features 0x7, context size is 832 bytes, using 'standard' format.
[    0.000000] e820: BIOS-provided physical RAM map:
[    0.000000] BIOS-e820: [mem 0x0000000000000000-0x000000000009fbff] usable
[    0.000000] BIOS-e820: [mem 0x000000000009fc00-0x000000000009ffff] reserved
[    0.000000] BIOS-e820: [mem 0x00000000000f0000-0x00000000000fffff] reserved
[    0.000000] BIOS-e820: [mem 0x0000000000100000-0x000000003ffeffff] usable
[    0.000000] BIOS-e820: [mem 0x000000003fff0000-0x000000003fffffff] ACPI data
[    0.000000] BIOS-e820: [mem 0x00000000fec00000-0x00000000fec00fff] reserved
[    0.000000] BIOS-e820: [mem 0x00000000fee00000-0x00000000fee00fff] reserved
[    0.000000] BIOS-e820: [mem 0x00000000fffc0000-0x00000000ffffffff] reserved
[    0.000000] NX (Execute Disable) protection: active
[    0.000000] SMBIOS 2.5 present.
[    0.000000] Hypervisor detected: KVM
[    0.000000] e820: last_pfn = 0x3fff0 max_arch_pfn = 0x400000000
[    0.000000] MTRR: Disabled
[    0.000000] x86/PAT: MTRRs disabled, skipping PAT initialization too.
[    0.000000] CPU MTRRs all blank - virtualized system.
[    0.000000] x86/PAT: Configuration [0-7]: WB  WT  UC- UC  WB  WT  UC- UC  
[    0.000000] found SMP MP-table at [mem 0x0009fff0-0x0009ffff] mapped at [ffff88000009fff0]
[    0.000000] Scanning 1 areas for low memory corruption
[    0.000000] RAMDISK: [mem 0x362fa000-0x37174fff]
[    0.000000] ACPI: Early table checksum verification disabled
[    0.000000] ACPI: RSDP 0x00000000000E0000 000024 (v02 VBOX  )
[    0.000000] ACPI: XSDT 0x000000003FFF0030 00003C (v01 VBOX   VBOXXSDT 00000001 ASL  00000061)
[    0.000000] ACPI: FACP 0x000000003FFF00F0 0000F4 (v04 VBOX   VBOXFACP 00000001 ASL  00000061)
[    0.000000] ACPI: DSDT 0x000000003FFF0470 0022EA (v02 VBOX   VBOXBIOS 00000002 INTL 20100528)
[    0.000000] ACPI: FACS 0x000000003FFF0200 000040
[    0.000000] ACPI: FACS 0x000000003FFF0200 000040
[    0.000000] ACPI: APIC 0x000000003FFF0240 00005C (v02 VBOX   VBOXAPIC 00000001 ASL  00000061)
[    0.000000] ACPI: SSDT 0x000000003FFF02A0 0001CC (v01 VBOX   VBOXCPUT 00000002 INTL 20100528)
[    0.000000] No NUMA configuration found
[    0.000000] Faking a node at [mem 0x0000000000000000-0x000000003ffeffff]
[    0.000000] NODE_DATA(0) allocated [mem 0x3ffeb000-0x3ffeffff]
[    0.000000] kvm-clock: Using msrs 4b564d01 and 4b564d00
[    0.000000] kvm-clock: cpu 0, msr 0:3ffe3001, primary cpu clock
[    0.000000] kvm-clock: using sched offset of 3376399998 cycles
[    0.000000] clocksource: kvm-clock: mask: 0xffffffffffffffff max_cycles: 0x1cd42e4dffb, max_idle_ns: 881590591483 ns
[    0.000000] Zone ranges:
[    0.000000]   DMA      [mem 0x0000000000001000-0x0000000000ffffff]
[    0.000000]   DMA32    [mem 0x0000000001000000-0x000000003ffeffff]
[    0.000000]   Normal   empty
[    0.000000]   Device   empty
[    0.000000] Movable zone start for each node
[    0.000000] Early memory node ranges
[    0.000000]   node   0: [mem 0x0000000000001000-0x000000000009efff]
[    0.000000]   node   0: [mem 0x0000000000100000-0x000000003ffeffff]
[    0.000000] Initmem setup node 0 [mem 0x0000000000001000-0x000000003ffeffff]
[    0.000000] ACPI: PM-Timer IO Port: 0x4008
[    0.000000] IOAPIC[0]: apic_id 2, version 32, address 0xfec00000, GSI 0-23
[    0.000000] ACPI: INT_SRC_OVR (bus 0 bus_irq 0 global_irq 2 dfl dfl)
[    0.000000] ACPI: INT_SRC_OVR (bus 0 bus_irq 9 global_irq 9 low level)
[    0.000000] Using ACPI (MADT) for SMP configuration information
[    0.000000] smpboot: Allowing 2 CPUs, 0 hotplug CPUs
[    0.000000] PM: Registered nosave memory: [mem 0x00000000-0x00000fff]
[    0.000000] PM: Registered nosave memory: [mem 0x0009f000-0x0009ffff]
[    0.000000] PM: Registered nosave memory: [mem 0x000a0000-0x000effff]
[    0.000000] PM: Registered nosave memory: [mem 0x000f0000-0x000fffff]
[    0.000000] e820: [mem 0x40000000-0xfebfffff] available for PCI devices
[    0.000000] Booting paravirtualized kernel on KVM
[    0.000000] clocksource: refined-jiffies: mask: 0xffffffff max_cycles: 0xffffffff, max_idle_ns: 7645519600211568 ns
[    0.000000] setup_percpu: NR_CPUS:512 nr_cpumask_bits:512 nr_cpu_ids:2 nr_node_ids:1
[    0.000000] PERCPU: Embedded 33 pages/cpu @ffff88003fc00000 s95448 r8192 d31528 u1048576
[    0.000000] Built 1 zonelists in Node order, mobility grouping on.  Total pages: 257912
[    0.000000] Policy zone: DMA32
[    0.000000] Kernel command line: BOOT_IMAGE=/boot/vmlinuz-4.4.0-170-generic root=LABEL=cloudimg-rootfs ro console=tty1 console=ttyS0
[    0.000000] PID hash table entries: 4096 (order: 3, 32768 bytes)
[    0.000000] Memory: 997728K/1048120K available (8626K kernel code, 1336K rwdata, 4036K rodata, 1488K init, 1288K bss, 50392K reserved, 0K cma-reserved)
[    0.000000] SLUB: HWalign=64, Order=0-3, MinObjects=0, CPUs=2, Nodes=1
[    0.000000] Kernel/User page tables isolation: enabled
[    0.000000] Hierarchical RCU implementation.
[    0.000000] 	Build-time adjustment of leaf fanout to 64.
[    0.000000] 	RCU restricting CPUs from NR_CPUS=512 to nr_cpu_ids=2.
[    0.000000] RCU: Adjusting geometry for rcu_fanout_leaf=64, nr_cpu_ids=2
[    0.000000] NR_IRQS:33024 nr_irqs:440 16
[    0.000000] Console: colour VGA+ 80x25
[    0.000000] console [tty1] enabled
[    0.000000] console [ttyS0] enabled
[    0.000000] tsc: Detected 2904.004 MHz processor
[    0.187069] Calibrating delay loop (skipped) preset value.. 5808.00 BogoMIPS (lpj=11616016)
[    0.188969] pid_max: default: 32768 minimum: 301
[    0.190098] ACPI: Core revision 20150930
[    0.193117] ACPI: 2 ACPI AML tables successfully acquired and loaded
[    0.194612] Security Framework initialized
[    0.195621] Yama: becoming mindful.
[    0.196491] AppArmor: AppArmor initialized
[    0.197667] Dentry cache hash table entries: 131072 (order: 8, 1048576 bytes)
[    0.200637] Inode-cache hash table entries: 65536 (order: 7, 524288 bytes)
[    0.202100] Mount-cache hash table entries: 2048 (order: 2, 16384 bytes)
[    0.203491] Mountpoint-cache hash table entries: 2048 (order: 2, 16384 bytes)
[    0.205116] Initializing cgroup subsys io
[    0.206122] Initializing cgroup subsys memory
[    0.207173] Initializing cgroup subsys devices
[    0.208175] Initializing cgroup subsys freezer
[    0.209172] Initializing cgroup subsys net_cls
[    0.210193] Initializing cgroup subsys perf_event
[    0.211238] Initializing cgroup subsys net_prio
[    0.212239] Initializing cgroup subsys hugetlb
[    0.213386] Initializing cgroup subsys pids
[    0.215598] mce: CPU supports 0 MCE banks
[    0.216537] Last level iTLB entries: 4KB 64, 2MB 8, 4MB 8
[    0.217808] Last level dTLB entries: 4KB 64, 2MB 0, 4MB 0, 1GB 4
[    0.219147] Spectre V1 : Mitigation: usercopy/swapgs barriers and __user pointer sanitization
[    0.221335] Spectre V2 : Mitigation: Full generic retpoline
[    0.222868] Spectre V2 : Spectre v2 / SpectreRSB mitigation: Filling RSB on context switch
[    0.225027] Speculative Store Bypass: Vulnerable
[    0.226280] MDS: Vulnerable: Clear CPU buffers attempted, no microcode
[    0.230773] Freeing SMP alternatives memory: 36K
[    0.238390] ftrace: allocating 32302 entries in 127 pages
[    0.303150] smpboot: APIC(0) Converting physical 0 to logical package 0
[    0.304675] smpboot: Max logical packages: 1
[    0.306099] x2apic enabled
[    0.307206] Switched APIC routing to physical x2apic.
[    0.309787] ..TIMER: vector=0x30 apic1=0 pin1=2 apic2=-1 pin2=-1
[    0.419294] smpboot: CPU0: Intel(R) Core(TM) i7-7500U CPU @ 2.70GHz (family: 0x6, model: 0x8e, stepping: 0x9)
[    0.422077] Performance Events: unsupported p6 CPU model 142 no PMU driver, software events only.
[    0.433841] KVM setup paravirtual spinlock
[    0.435612] x86: Booting SMP configuration:
[    0.436772] .... node  #0, CPUs:      #1
[    0.437968] kvm-clock: cpu 1, msr 0:3ffe3041, secondary cpu clock
[    0.439870] mce: CPU supports 0 MCE banks
[    0.442398] x86: Booted up 1 node, 2 CPUs
[    0.443701] smpboot: Total of 2 processors activated (11616.01 BogoMIPS)
[    0.445723] devtmpfs: initialized
[    0.448216] evm: security.selinux
[    0.449089] evm: security.SMACK64
[    0.449951] evm: security.SMACK64EXEC
[    0.450888] evm: security.SMACK64TRANSMUTE
[    0.452014] evm: security.SMACK64MMAP
[    0.452944] evm: security.ima
[    0.453776] evm: security.capability
[    0.454950] clocksource: jiffies: mask: 0xffffffff max_cycles: 0xffffffff, max_idle_ns: 7645041785100000 ns
[    0.457270] futex hash table entries: 512 (order: 3, 32768 bytes)
[    0.458807] pinctrl core: initialized pinctrl subsystem
[    0.460130] RTC time: 12:04:50, date: 12/18/19
[    0.461432] NET: Registered protocol family 16
[    0.470755] cpuidle: using governor ladder
[    0.482688] cpuidle: using governor menu
[    0.483922] PCCT header not found.
[    0.484926] ACPI: bus type PCI registered
[    0.486141] acpiphp: ACPI Hot Plug PCI Controller Driver version: 0.5
[    0.487762] PCI: Using configuration type 1 for base access
[    0.499715] ACPI: Added _OSI(Module Device)
[    0.500832] ACPI: Added _OSI(Processor Device)
[    0.501964] ACPI: Added _OSI(3.0 _SCP Extensions)
[    0.503161] ACPI: Added _OSI(Processor Aggregator Device)
[    0.505123] ACPI: Executed 1 blocks of module-level executable AML code
[    0.509212] ACPI: Interpreter enabled
[    0.510255] ACPI: (supports S0 S5)
[    0.511315] ACPI: Using IOAPIC for interrupt routing
[    0.512753] PCI: Using host bridge windows from ACPI; if necessary, use "pci=nocrs" and report a bug
[    0.518664] ACPI: PCI Root Bridge [PCI0] (domain 0000 [bus 00-ff])
[    0.520104] acpi PNP0A03:00: _OSC: OS supports [ASPM ClockPM Segments MSI]
[    0.521976] acpi PNP0A03:00: _OSC: not requesting OS control; OS requires [ExtendedConfig ASPM ClockPM MSI]
[    0.524413] acpi PNP0A03:00: fail to add MMCONFIG information, can't access extended PCI configuration space under this bridge.
[    0.527403] PCI host bridge to bus 0000:00
[    0.528482] pci_bus 0000:00: root bus resource [io  0x0000-0x0cf7 window]
[    0.530027] pci_bus 0000:00: root bus resource [io  0x0d00-0xffff window]
[    0.531699] pci_bus 0000:00: root bus resource [mem 0x000a0000-0x000bffff window]
[    0.533633] pci_bus 0000:00: root bus resource [mem 0x40000000-0xfdffffff window]
[    0.535846] pci_bus 0000:00: root bus resource [bus 00-ff]
[    0.539099] pci 0000:00:01.1: legacy IDE quirk: reg 0x10: [io  0x01f0-0x01f7]
[    0.540776] pci 0000:00:01.1: legacy IDE quirk: reg 0x14: [io  0x03f6]
[    0.542371] pci 0000:00:01.1: legacy IDE quirk: reg 0x18: [io  0x0170-0x0177]
[    0.544041] pci 0000:00:01.1: legacy IDE quirk: reg 0x1c: [io  0x0376]
[    0.576111] pci 0000:00:07.0: quirk: [io  0x4000-0x403f] claimed by PIIX4 ACPI
[    0.578182] pci 0000:00:07.0: quirk: [io  0x4100-0x410f] claimed by PIIX4 SMB
[    0.586172] ACPI: PCI Interrupt Link [LNKA] (IRQs 5 9 10 *11)
[    0.588426] ACPI: PCI Interrupt Link [LNKB] (IRQs 5 9 *10 11)
[    0.590591] ACPI: PCI Interrupt Link [LNKC] (IRQs 5 *9 10 11)
[    0.592717] ACPI: PCI Interrupt Link [LNKD] (IRQs 5 9 10 *11)
[    0.594952] ACPI: Enabled 2 GPEs in block 00 to 07
[    0.596606] vgaarb: setting as boot device: PCI:0000:00:02.0
[    0.598015] vgaarb: device added: PCI:0000:00:02.0,decodes=io+mem,owns=io+mem,locks=none
[    0.600103] vgaarb: loaded
[    0.600954] vgaarb: bridge control possible 0000:00:02.0
[    0.602515] SCSI subsystem initialized
[    0.603714] ACPI: bus type USB registered
[    0.604848] usbcore: registered new interface driver usbfs
[    0.606264] usbcore: registered new interface driver hub
[    0.607601] usbcore: registered new device driver usb
[    0.609173] PCI: Using ACPI for IRQ routing
[    0.610547] NetLabel: Initializing
[    0.611532] NetLabel:  domain hash size = 128
[    0.612742] NetLabel:  protocols = UNLABELED CIPSOv4
[    0.616204] NetLabel:  unlabeled traffic allowed by default
[    0.617822] amd_nb: Cannot enumerate AMD northbridges
[    0.619206] clocksource: Switched to clocksource kvm-clock
[    0.628793] AppArmor: AppArmor Filesystem Enabled
[    0.630132] pnp: PnP ACPI init
[    0.633431] pnp: PnP ACPI: found 3 devices
[    0.644617] clocksource: acpi_pm: mask: 0xffffff max_cycles: 0xffffff, max_idle_ns: 2085701024 ns
[    0.647351] NET: Registered protocol family 2
[    0.649311] TCP established hash table entries: 8192 (order: 4, 65536 bytes)
[    0.651676] TCP bind hash table entries: 8192 (order: 5, 131072 bytes)
[    0.653521] TCP: Hash tables configured (established 8192 bind 8192)
[    0.655284] UDP hash table entries: 512 (order: 2, 16384 bytes)
[    0.657057] UDP-Lite hash table entries: 512 (order: 2, 16384 bytes)
[    0.658892] NET: Registered protocol family 1
[    0.660255] pci 0000:00:00.0: Limiting direct PCI/PCI transfers
[    0.662000] pci 0000:00:01.0: Activating ISA DMA hang workarounds
[    0.663927] Unpacking initramfs...
[    0.899863] Freeing initrd memory: 14828K
[    0.900938] clocksource: tsc: mask: 0xffffffffffffffff max_cycles: 0x29dc09beef1, max_idle_ns: 440795310252 ns
[    0.903061] platform rtc_cmos: registered platform RTC device (no PNP device found)
[    0.904953] Scanning for low memory corruption every 60 seconds
[    0.906855] audit: initializing netlink subsys (disabled)
[    0.908246] audit: type=2000 audit(1576670695.935:1): initialized
[    0.909954] Initialise system trusted keyring
[    0.911419] HugeTLB registered 2 MB page size, pre-allocated 0 pages
[    0.914124] zbud: loaded
[    0.915403] VFS: Disk quotas dquot_6.6.0
[    0.916504] VFS: Dquot-cache hash table entries: 512 (order 0, 4096 bytes)
[    0.918253] squashfs: version 4.0 (2009/01/31) Phillip Lougher
[    0.920087] fuse init (API version 7.23)
[    0.921360] Key type big_key registered
[    0.922404] Allocating IMA MOK and blacklist keyrings.
[    0.926002] Key type asymmetric registered
[    0.926950] Asymmetric key parser 'x509' registered
[    0.928282] Block layer SCSI generic (bsg) driver version 0.4 loaded (major 249)
[    0.930028] io scheduler noop registered
[    0.930957] io scheduler deadline registered (default)
[    0.932135] io scheduler cfq registered
[    0.933114] pci_hotplug: PCI Hot Plug PCI Core version: 0.5
[    0.934276] pciehp: PCI Express Hot Plug Controller Driver version: 0.4
[    0.935750] ACPI: AC Adapter [AC] (on-line)
[    0.936837] input: Power Button as /devices/LNXSYSTM:00/LNXPWRBN:00/input/input0
[    0.938530] ACPI: Power Button [PWRF]
[    0.939525] input: Sleep Button as /devices/LNXSYSTM:00/LNXSLPBN:00/input/input1
[    0.941497] ACPI: Sleep Button [SLPF]
[    0.942734] GHES: HEST is not enabled!
[    0.943625] ACPI: Battery Slot [BAT0] (battery present)
[    0.945178] Serial: 8250/16550 driver, 32 ports, IRQ sharing enabled
[    0.967321] 00:02: ttyS0 at I/O 0x3f8 (irq = 4, base_baud = 115200) is a 16550A
[    0.972806] Linux agpgart interface v0.103
[    0.975470] loop: module loaded
[    0.976798] scsi host0: ata_piix
[    0.977747] scsi host1: ata_piix
[    0.978632] ata1: PATA max UDMA/33 cmd 0x1f0 ctl 0x3f6 bmdma 0xd000 irq 14
[    0.980079] ata2: PATA max UDMA/33 cmd 0x170 ctl 0x376 bmdma 0xd008 irq 15
[    0.981784] libphy: Fixed MDIO Bus: probed
[    0.982741] tun: Universal TUN/TAP device driver, 1.6
[    0.984010] tun: (C) 1999-2004 Max Krasnyansky <maxk@qualcomm.com>
[    0.985406] PPP generic driver version 2.4.2
[    0.986483] ehci_hcd: USB 2.0 'Enhanced' Host Controller (EHCI) Driver
[    0.987849] ehci-pci: EHCI PCI platform driver
[    0.988849] ehci-platform: EHCI generic platform driver
[    0.989992] ohci_hcd: USB 1.1 'Open' Host Controller (OHCI) Driver
[    0.991316] ohci-pci: OHCI PCI platform driver
[    0.992715] ohci-platform: OHCI generic platform driver
[    0.994045] uhci_hcd: USB Universal Host Controller Interface driver
[    0.995617] i8042: PNP: PS/2 Controller [PNP0303:PS2K,PNP0f03:PS2M] at 0x60,0x64 irq 1,12
[    0.998129] serio: i8042 KBD port at 0x60,0x64 irq 1
[    0.999389] serio: i8042 AUX port at 0x60,0x64 irq 12
[    1.000958] mousedev: PS/2 mouse device common for all mice
[    1.002892] input: AT Translated Set 2 keyboard as /devices/platform/i8042/serio0/input/input2
[    1.005791] rtc_cmos rtc_cmos: rtc core: registered rtc_cmos as rtc0
[    1.007418] rtc_cmos rtc_cmos: alarms up to one day, 114 bytes nvram
[    1.008909] i2c /dev entries driver
[    1.009979] device-mapper: uevent: version 1.0.3
[    1.011381] device-mapper: ioctl: 4.34.0-ioctl (2015-10-28) initialised: dm-devel@redhat.com
[    1.013629] ledtrig-cpu: registered to indicate activity on CPUs
[    1.015925] NET: Registered protocol family 10
[    1.017375] NET: Registered protocol family 17
[    1.018622] Key type dns_resolver registered
[    1.020550] registered taskstats version 1
[    1.021652] Loading compiled-in X.509 certificates
[    1.023318] Loaded X.509 cert 'Build time autogenerated kernel key: f0e56e97f406068ace47a9bf54316e9855aaaa43'
[    1.025755] zswap: loaded using pool lzo/zbud
[    1.029147] Key type trusted registered
[    1.033956] Key type encrypted registered
[    1.035033] AppArmor: AppArmor sha1 policy hashing enabled
[    1.036428] ima: No TPM chip found, activating TPM-bypass!
[    1.037780] ima: Allocated hash algorithm: sha1
[    1.039025] evm: HMAC attrs: 0x1
[    1.040485]   Magic number: 15:175:77
[    1.041668] rtc_cmos rtc_cmos: setting system clock to 2019-12-18 12:04:51 UTC (1576670691)
[    1.044101] BIOS EDD facility v0.16 2004-Jun-25, 0 devices found
[    1.045543] EDD information not available.
[    1.141035] Freeing unused kernel memory: 1488K
[    1.143412] Write protecting the kernel read-only data: 14336k
[    1.147297] Freeing unused kernel memory: 1604K
[    1.149873] Freeing unused kernel memory: 60K
Loading, please wait...
starting version 229
[    1.168897] random: systemd-udevd: uninitialized urandom read (16 bytes read, 3 bits of entropy available)
[    1.169957] random: udevadm: uninitialized urandom read (16 bytes read, 3 bits of entropy available)
[    1.169976] random: udevadm: uninitialized urandom read (16 bytes read, 3 bits of entropy available)
[    1.179617] random: systemd-udevd: uninitialized urandom read (16 bytes read, 3 bits of entropy available)
[    1.180374] random: udevadm: uninitialized urandom read (16 bytes read, 3 bits of entropy available)
[    1.180424] random: udevadm: uninitialized urandom read (16 bytes read, 3 bits of entropy available)
[    1.180625] random: udevadm: uninitialized urandom read (16 bytes read, 3 bits of entropy available)
[    1.180689] random: udevadm: uninitialized urandom read (16 bytes read, 3 bits of entropy available)
[    1.180751] random: udevadm: uninitialized urandom read (16 bytes read, 3 bits of entropy available)
[    1.180814] random: udevadm: uninitialized urandom read (16 bytes read, 3 bits of entropy available)
[    1.227822] e1000: Intel(R) PRO/1000 Network Driver - version 7.3.21-k8-NAPI
[    1.227829] Fusion MPT base driver 3.04.20
[    1.227829] Copyright (c) 1999-2008 LSI Corporation
[    1.231396] e1000: Copyright (c) 1999-2006 Intel Corporation.
[    1.238930] Fusion MPT SPI Host driver 3.04.20
[    1.251287] AVX2 version of gcm_enc/dec engaged.
[    1.252831] AES CTR mode by8 optimization enabled
[    1.436644] input: ImExPS/2 Generic Explorer Mouse as /devices/platform/i8042/serio1/input/input4
[    1.614164] e1000 0000:00:03.0 eth0: (PCI:33MHz:32-bit) 02:dd:45:a7:5d:a0
[    1.616377] e1000 0000:00:03.0 eth0: Intel(R) PRO/1000 Network Connection
[    1.622389] mptbase: ioc0: Initiating bringup
[    1.624684] e1000 0000:00:03.0 enp0s3: renamed from eth0
[    1.695923] ioc0: LSI53C1030 A0: Capabilities={Initiator}
[    1.861362] scsi host2: ioc0: LSI53C1030 A0, FwRev=00000000h, Ports=1, MaxQ=256, IRQ=20
[    1.978179] scsi 2:0:0:0: Direct-Access     VBOX     HARDDISK         1.0  PQ: 0 ANSI: 5
[    1.987384] scsi target2:0:0: Beginning Domain Validation
[    1.999775] scsi target2:0:0: Domain Validation skipping write tests
[    2.005181] scsi target2:0:0: Ending Domain Validation
[    2.008254] scsi target2:0:0: asynchronous
[    2.011961] scsi 2:0:1:0: Direct-Access     VBOX     HARDDISK         1.0  PQ: 0 ANSI: 5
[    2.016462] scsi target2:0:1: Beginning Domain Validation
[    2.023279] scsi target2:0:1: Domain Validation skipping write tests
[    2.026291] scsi target2:0:1: Ending Domain Validation
[    2.029120] scsi target2:0:1: asynchronous
[    2.055365] sd 2:0:0:0: [sda] 20971520 512-byte logical blocks: (10.7 GB/10.0 GiB)
[    2.055574] sd 2:0:0:0: Attached scsi generic sg0 type 0
[    2.056307] sd 2:0:1:0: Attached scsi generic sg1 type 0
[    2.056532] sd 2:0:1:0: [sdb] 20480 512-byte logical blocks: (10.5 MB/10.0 MiB)
[    2.056728] sd 2:0:1:0: [sdb] Write Protect is off
[    2.056856] sd 2:0:1:0: [sdb] Incomplete mode parameter data
[    2.056857] sd 2:0:1:0: [sdb] Assuming drive cache: write through
[    2.061338] sd 2:0:1:0: [sdb] Attached SCSI disk
[    2.067582] sd 2:0:0:0: [sda] Write Protect is off
[    2.069223] sd 2:0:0:0: [sda] Incomplete mode parameter data
[    2.070551] sd 2:0:0:0: [sda] Assuming drive cache: write through
[    2.074385]  sda: sda1
[    2.076328] sd 2:0:0:0: [sda] Attached SCSI disk
Begin: Loading essential drivers ... [    3.602669] md: linear personality registered for level -1
[    3.606026] md: multipath personality registered for level -4
[    3.609462] md: raid0 personality registered for level 0
[    3.614077] md: raid1 personality registered for level 1
[    3.683302] raid6: sse2x1   gen() 11810 MB/s
[    3.751566] raid6: sse2x1   xor()  8802 MB/s
[    3.819428] raid6: sse2x2   gen() 14550 MB/s
[    3.887276] raid6: sse2x2   xor() 10193 MB/s
[    3.955621] raid6: sse2x4   gen() 16633 MB/s
[    4.023414] raid6: sse2x4   xor() 10791 MB/s
[    4.091245] raid6: avx2x1   gen() 21111 MB/s
[    4.159556] raid6: avx2x2   gen() 23134 MB/s
[    4.227358] raid6: avx2x4   gen() 26099 MB/s
[    4.228344] raid6: using algorithm avx2x4 gen() 26099 MB/s
[    4.229491] raid6: using avx2x2 recovery algorithm
[    4.231625] xor: automatically using best checksumming function:
[    4.271311]    avx       : 29894.000 MB/sec
[    4.273344] async_tx: api initialized (async)
[    4.283506] md: raid6 personality registered for level 6
[    4.284866] md: raid5 personality registered for level 5
[    4.286181] md: raid4 personality registered for level 4
[    4.292931] md: raid10 personality registered for level 10
done.
Begin: Running /scripts/init-premount ... done.
Begin: Mounting root file system ... Begin: Running /scripts/local-top ... done.
Begin: Running /scripts/local-premount ... [    4.323284] Btrfs loaded
Scanning for Btrfs filesystems
done.
Warning: fsck not present, so skipping root file system
[    4.351905] EXT4-fs (sda1): mounted filesystem with ordered data mode. Opts: (null)
done.
Begin: Running /scripts/local-bottom ... done.
Begin: Running /scripts/init-bottom ... done.
[    4.440204] systemd[1]: systemd 229 running in system mode. (+PAM +AUDIT +SELINUX +IMA +APPARMOR +SMACK +SYSVINIT +UTMP +LIBCRYPTSETUP +GCRYPT +GNUTLS +ACL +XZ -LZ4 +SECCOMP +BLKID +ELFUTILS +KMOD -IDN)
[    4.443858] systemd[1]: Detected virtualization oracle.
[    4.445014] systemd[1]: Detected architecture x86-64.

Welcome to [1mUbuntu 16.04.6 LTS[0m!

[    4.448858] systemd[1]: Set hostname to <ubuntu>.
[    4.452201] systemd[1]: Initializing machine ID from random generator.
[    4.454583] systemd[1]: Installed transient /etc/machine-id file.
[    4.583421] systemd[1]: Reached target Encrypted Volumes.
[[0;32m  OK  [0m] Reached target Encrypted Volumes.
[    4.585524] systemd[1]: Listening on udev Control Socket.
[[0;32m  OK  [0m] Listening on udev Control Socket.
[    4.587788] systemd[1]: Listening on udev Kernel Socket.
[[0;32m  OK  [0m] Listening on udev Kernel Socket.
[    4.589863] systemd[1]: Started Trigger resolvconf update for networkd DNS.
[[0;32m  OK  [0m] Started Trigger resolvconf update for networkd DNS.
[    4.592512] systemd[1]: Reached target System Time Synchronized.
[[0;32m  OK  [0m] Reached target System Time Synchronized.
[    4.594890] systemd[1]: Listening on Journal Audit Socket.
[[0;32m  OK  [0m] Listening on Journal Audit Socket.
[    4.597098] systemd[1]: Reached target Swap.
[[0;32m  OK  [0m] Reached target Swap.
[    4.598899] systemd[1]: Reached target User and Group Name Lookups.
[[0;32m  OK  [0m] Reached target User and Group Name Lookups.
[    4.601503] systemd[1]: Listening on Journal Socket (/dev/log).
[[0;32m  OK  [0m] Listening on Journal Socket (/dev/log).
[    4.604067] systemd[1]: Created slice User and Session Slice.
[[0;32m  OK  [0m] Created slice User and Session Slice.
[    4.606194] systemd[1]: Listening on Syslog Socket.
[[0;32m  OK  [0m] Listening on Syslog Socket.
[    4.608087] systemd[1]: Listening on Device-mapper event daemon FIFOs.
[[0;32m  OK  [0m] Listening on Device-mapper event daemon FIFOs.
[    4.610653] systemd[1]: Listening on /dev/initctl Compatibility Named Pipe.
[[0;32m  OK  [0m] Listening on /dev/initctl Compatibility Named Pipe.
[    4.613375] systemd[1]: Set up automount Arbitrary Executable File Formats File System Automount Point.
[[0;32m  OK  [0m] Set up automount Arbitrary Executab...ats File System Automount Point.
[    4.617015] systemd[1]: Started Forward Password Requests to Wall Directory Watch.
[[0;32m  OK  [0m] Started Forward Password Requests to Wall Directory Watch.
[    4.620121] systemd[1]: Listening on LVM2 metadata daemon socket.
[[0;32m  OK  [0m] Listening on LVM2 metadata daemon socket.
[    4.622743] systemd[1]: Created slice System Slice.
[[0;32m  OK  [0m] Created slice System Slice.
[    4.632047] systemd[1]: Created slice system-serial\x2dgetty.slice.
[[0;32m  OK  [0m] Created slice system-serial\x2dgetty.slice.
[    4.635239] systemd[1]: Listening on Journal Socket.
[[0;32m  OK  [0m] Listening on Journal Socket.
[    4.647651] systemd[1]: Starting Create list of required static device nodes for the current kernel...
         Starting Create list of required st... nodes for the current kernel...
[    4.656797] systemd[1]: Starting Uncomplicated firewall...
         Starting Uncomplicated firewall...
[    4.659754] systemd[1]: Starting Journal Service...
         Starting Journal Service...
[    4.662575] systemd[1]: Mounting Debug File System...
         Mounting Debug File System...
[    4.665254] systemd[1]: Starting Nameserver information manager...
         Starting Nameserver information manager...
[    4.668615] systemd[1]: Mounting POSIX Message Queue File System...
         Mounting POSIX Message Queue File System...
[    4.673521] systemd[1]: Starting Load Kernel Modules...
         Starting Load Kernel Modules...
[    4.677367] systemd[1]: Mounting Huge Pages File System...
         Mounting Huge Pages File System...
[    4.679835] systemd[1]: Reached target Slices.
[[0;32m  OK  [0m] Reached target Slices.
[    4.688596] systemd[1]: Listening on LVM2 poll daemon socket.
[[0;32m  OK  [0m] Listening on LVM2 poll daemon socket.
[    4.691523] systemd[1]: Starting Set console keymap...
         Starting Set console keymap...
[    4.694138] systemd[1]: Starting Remount Root and Kernel File Systems...
         Starting Remount Root and Kernel File Systems...
[    4.698034] Loading iSCSI transport class v2.0-870.
[    4.698295] EXT4-fs (sda1): re-mounted. Opts: (null)
[    4.704155] systemd[1]: Starting Monitoring of LVM2 mirrors, snapshots etc. using dmeventd or progress polling...
         Starting Monitoring of LVM2 mirrors... dmeventd or progress polling...
[    4.710229] systemd[1]: Mounted POSIX Message Queue File System.
[[0;32m  OK  [0m] Mounted POSIX Message Queue File System.
[    4.713182] systemd[1]: Mounted Debug File System.
[[0;32m  OK  [0m] Mounted Debug File System.
[    4.715663] systemd[1]: Mounted Huge Pages File System.
[    4.726932] iscsi: registered transport (tcp)
[[0;32m  OK  [0m] Mounted Huge Pages File System.
[    4.730251] systemd[1]: Started Create list of required static device nodes for the current kernel.
[[0;32m  OK  [0m] Started Create list of required sta...ce nodes for the current kernel.
[    4.735951] systemd[1]: Started Uncomplicated firewall.
[[0;32m  OK  [0m] Started Uncomplicated firewall.
[    4.752622] systemd[1]: Started Remount Root and Kernel File Systems.
[[0;32m  OK  [0m] Started Remount Root and Kernel File Systems.
[    4.756249] systemd[1]: Started Journal Service.
[[0;32m  OK  [0m] Started Journal Service.
[[0;32m  OK  [0m] Started LVM2 metadata daemon.
         Starting udev Coldplug all Devices...
         Starting Flush Journal to Persistent Storage...
         Starting Load/Save Random Seed...
         Starting Create Static Device Nodes in /dev...
[[0;32m  OK  [0m] Started Nameserver information manager.
[[0;32m  OK  [0m] Started Load/Save Random Seed.
[    4.791154] systemd-journald[371]: Received request to flush runtime journal from PID 1
[[0;32m  OK  [0m] Started Flush Journal to Persistent Storage.
[    4.803293] iscsi: registered transport (iser)
[[0;32m  OK  [0m] Started Load Kernel Modules.
[[0;32m  OK  [0m] Started Create Static Device Nodes in /dev.
         Starting udev Kernel Device Manager...
         Mounting FUSE Control File System...
         Starting Apply Kernel Variables...
[[0;32m  OK  [0m] Mounted FUSE Control File System.
[[0;32m  OK  [0m] Started Apply Kernel Variables.
[[0;32m  OK  [0m] Started udev Kernel Device Manager.
[[0;32m  OK  [0m] Started udev Coldplug all Devices.
[[0;32m  OK  [0m] Started Monitoring of LVM2 mirrors,...ng dmeventd or progress polling.
[[0;32m  OK  [0m] Started Set console keymap.
[[0;32m  OK  [0m] Started Dispatch Password Requests to Console Directory Watch.
[[0;32m  OK  [0m] Reached target Local File Systems (Pre).
[[0;32m  OK  [0m] Reached target Local File Systems.
         Starting LSB: AppArmor initialization...
         Starting Create Volatile Files and Directories...
         Starting Tell Plymouth To Write Out Runtime Data...
         Starting Initial cloud-init job (pre-networking)...
         Starting Set console font and keymap...
         Starting Commit a transient machine-id on disk...
[[0;32m  OK  [0m] Started Tell Plymouth To Write Out Runtime Data.
[[0;32m  OK  [0m] Started Create Volatile Files and Directories.
         Starting Update UTMP about System Boot/Shutdown...
[[0;32m  OK  [0m] Started Commit a transient machine-id on disk.
[[0;32m  OK  [0m] Started Update UTMP about System Boot/Shutdown.
[[0;32m  OK  [0m] Found device /dev/ttyS0.
[[0;32m  OK  [0m] Listening on Load/Save RF Kill Switch Status /dev/rfkill Watch.
[    6.657227] cloud-init[485]: Cloud-init v. 19.2-36-g059d049c-0ubuntu2~16.04.1 running 'init-local' at Wed, 18 Dec 2019 12:04:56 +0000. Up 6.14 seconds.
[[0;32m  OK  [0m] Started Initial cloud-init job (pre-networking).
[[0;32m  OK  [0m] Reached target Network (Pre).
[[0;32m  OK  [0m] Started LSB: AppArmor initialization.
         Starting Raise network interfaces...
[[0;32m  OK  [0m] Started Set console font and keymap.
[[0;32m  OK  [0m] Created slice system-getty.slice.
[[0;32m  OK  [0m] Started Raise network interfaces.
[[0;32m  OK  [0m] Reached target Network.
         Starting Initial cloud-init job (metadata service crawler)...
[    8.775389] cloud-init[948]: Cloud-init v. 19.2-36-g059d049c-0ubuntu2~16.04.1 running 'init' at Wed, 18 Dec 2019 12:04:58 +0000. Up 8.12 seconds.
[    8.777080] cloud-init[948]: ci-info: ++++++++++++++++++++++++++++++++++++++Net device info++++++++++++++++++++++++++++++++++++++
[    8.778677] cloud-init[948]: ci-info: +--------+------+----------------------------+---------------+--------+-------------------+
[    8.780316] cloud-init[948]: ci-info: | Device |  Up  |          Address           |      Mask     | Scope  |     Hw-Address    |
[    8.781945] cloud-init[948]: ci-info: +--------+------+----------------------------+---------------+--------+-------------------+
[    8.792493] cloud-init[948]: ci-info: | enp0s3 | True |         10.0.2.15          | 255.255.255.0 | global | 02:dd:45:a7:5d:a0 |
[    8.795063] cloud-init[948]: ci-info: | enp0s3 | True | fe80::dd:45ff:fea7:5da0/64 |       .       |  link  | 02:dd:45:a7:5d:a0 |
[    8.797892] cloud-init[948]: ci-info: |   lo   | True |         127.0.0.1          |   255.0.0.0   |  host  |         .         |
[    8.800760] cloud-init[948]: ci-info: |   lo   | True |          ::1/128           |       .       |  host  |         .         |
[    8.802356] cloud-init[948]: ci-info: +--------+------+----------------------------+---------------+--------+-------------------+
[    8.804828] cloud-init[948]: ci-info: +++++++++++++++++++++++++++Route IPv4 info++++++++++++++++++++++++++++
[    8.807296] cloud-init[948]: ci-info: +-------+-------------+----------+---------------+-----------+-------+
[    8.820502] cloud-init[948]: ci-info: | Route | Destination | Gateway  |    Genmask    | Interface | Flags |
[    8.828706] cloud-init[948]: ci-info: +-------+-------------+----------+---------------+-----------+-------+
[    8.831353] cloud-init[948]: ci-info: |   0   |   0.0.0.0   | 10.0.2.2 |    0.0.0.0    |   enp0s3  |   UG  |
[[0;32m  OK  [0m] Started Initial cloud-init job (metadata service crawler).
[[0;32m  OK  [0m] Reached target Network is Online.
[    8.847752] cloud-init[948]: ci-info: |   1   |   10.0.2.0  | 0.0.0.0  | 255.255.255.0 |   enp0s3  |   U   |
[    8.858435] cloud-init[948]: ci-info: +-------+-------------+----------+---------------+-----------+-------+
[    8.864670] cloud-init[948]: ci-info: +++++++++++++++++++Route IPv6 info+++++++++++++++++++
[    8.873668] cloud-init[948]: ci-info: +-------+-------------+---------+-----------+-------+
[    8.873847] cloud-init[948]: ci-info: | Route | Destination | Gateway | Interface | Flags |
[    8.874381] cloud-init[948]: ci-info: +-------+-------------+---------+-----------+-------+
[    8.874538] cloud-init[948]: ci-info: |   0   |  fe80::/64  |    ::   |   enp0s3  |   U   |
         [    8.874975] Starting iSCSI initiator daemon (iscsid)...cloud-init
[948]: ci-info: |   3   |   ff00::/8  |    ::   |   enp0s3  |   U   |
[    8.875028] cloud-init[948]: ci-info: +-------+-------------+---------+-----------+-------+
[    8.879530] cloud-init[948]: Generating public/private rsa key pair.
[    8.880359] cloud-init[948]: Your identification has been saved in /etc/ssh/ssh_host_rsa_key.
[    8.880927] cloud-init[948]: Your public key has been saved in /etc/ssh/ssh_host_rsa_key.pub.
[    8.881474] cloud-init[948]: The key fingerprint is:
[    8.882051] cloud-init[948]: SHA256:WzzL6tNgQQUJLUiZk4Op8eyr3u/gq/1U+CvIx4abs80 root@ubuntu-xenial
[    8.882627] cloud-init[948]: The key's randomart image is:
[    8.883044] cloud-init[948]: +---[RSA 2048]----+
[    8.883450] cloud-init[948]: |   +.=.o.+.      |
[    8.883868] cloud-init[948]: |. o B . +        |
[    8.884412] cloud-init[948]: | =   o o         |
[    8.884818] cloud-init[948]: |. o   . ..       |
[    8.885212] cloud-init[948]: | .   . .S.+      |
[    8.885659] cloud-init[948]: |  .   o o+ o     |
[    8.886054] cloud-init[948]: |  .o+. o.oo      |
[    8.886452] cloud-init[948]: |  ==*=  o..      |
[[0;32m  OK  [0m[    8.886625] ] cloud-initReached target System Initialization.[948]: 
|o+.O@E.oo.       |
[[0;32m  OK  [0m] Started Message of the Day.
[[0;32m  OK  [0m] Started Daily Cleanup of Temporary Directories.
[    8.886711] cloud-init[948]: +----[SHA256]-----+
[    8.908444] cloud-init[948]: Generating public/private dsa key pair.
[    8.909923] cloud-init[948]: Your identification has been saved in /etc/ssh/ssh_host_dsa_key.
[[0;32m  OK  [0m] Started ACPI Events Check.
[[0;32m  OK  [0m] Reached target Paths.
[[0;32m  OK  [0m] Listening on UUID daemon activation socket.
[[0;32m  OK  [0m] Listening on ACPID Listen Socket.
[    8.920351] cloud-init[948]: Your public key has been saved in /etc/ssh/ssh_host_dsa_key.pub.
[    8.928457] cloud-init[948]: The key fingerprint is:
[[0;32m  OK  [0m] Listening on D-Bus System Message Bus Socket.
[    8.931825]          Starting Socket activation for snappy daemon.
cloud-init[948]: SHA256:7iB7bCZmn22dTB3d/ko6ylqLIAD9QIy8+tYZsF5ErI8 root@ubuntu-xenial
[    8.935277]          Starting LXD - unix socket.
[[0;32m  OK  [0m] Started Daily apt download activities.
[[0;32m  OK  [0m] Started Daily apt upgrade and clean activities.
[[0;32m  OK  [0m] Reached target Timers.
[[0;32m  OK  [0m] Reached target Cloud-config availability.
cloud-init[948]: The key's randomart image is:
[    8.940673] cloud-init[948]: +---[DSA 1024]----+
[    8.941317] cloud-init[948]: |.o..             |
[    8.949015] [[0;32m  OK  [0m] Listening on Socket activation for snappy daemon.
[[0;32m  OK  [0m] Listening on LXD - unix socket.
[[0;32m  OK  [0m] Reached target Sockets.
[[0;32m  OK  [0m] Reached target Basic System.
         Starting LXD - container startup/shutdown...
[[0;32m  OK  [0m] Started Regular background program processing daemon.
[[0;32m  OK  [0m] Started FUSE filesystem for LXC.
         Starting Login Service...
         Starting Virtualbox guest utils...
[[0;32m  OK  [0m] Started Deferred execution scheduler.
         Starting LSB: MD monitoring daemon...
[[0;32m  OK  [0m] Started ACPI event daemon.
cloud-init[948]: |.+. o            |
[    8.963147] cloud-init[948]: |. +o         . . |
[[0;32m  OK  [0m] Started D-Bus System Message Bus.
[    8.974425] cloud-init[948]: | ooo.       . . .|
[    8.975792] cloud-init[948]: |. .*.   S  . . . |
[    8.977170] cloud-init[948]: |. E.+  .  . .   .|
[    8.979364] cloud-init[948]: | o oo+o .+..  . .|
[    8.981543] cloud-init[948]: |  + *+=*.++..o  .|
[    8.982431] cloud-init[948]: | . o.*o.=.+..... |
[    8.988558] cloud-init[948]: +----[SHA256]-----+
[    8.991571] cloud-init[948]: Generating public/private ecdsa key pair.
[    8.993917] cloud-init[948]: Your identification has been saved in /etc/ssh/ssh_host_ecdsa_key.
[    9.000213] cloud-init[948]: Your public key has been saved in /etc/ssh/ssh_host_ecdsa_key.pub.
[    9.001978] cloud-init[948]: The key fingerprint is:
[    9.003142] cloud-init[948]: SHA256:hixskTuxjUFw9n701PnHExviO8vKoJ+1xaLubzTTGeo root@ubuntu-xenial
[    9.006574] cloud-init[948]: The key's randomart image is:
[    9.007776] cloud-init[948]: +---[ECDSA 256]---+
[    9.011045] cloud-init[948]: |  ..+            |
[    9.016680] cloud-init[948]: |   + o     . .   |
[    9.017927] cloud-init[948]: |    = . . . o. o |
[    9.019067] cloud-init[948]: |   . @ o o  .o..+|
[    9.020238] cloud-init[948]: |    O = S . o.+oo|
[    9.021390] cloud-init[948]: |   . o o   =.o...|
[    9.022848] cloud-init[948]: |         .ooo=   |
[    9.024263] cloud-init[948]: |        . *E= o  |
[    9.025389] cloud-init[948]: |       .+*o=.o   |
         Starting /etc/rc.local Compatibility...
[    9.033479] cloud-init         Starting Pollinate to seed the pseudo random number generator...
         Starting System Logging Service...
         Starting LSB: Record successful boot for GRUB...
         Starting Accounts Service...
[948]: +----[SHA256]-----+         Starting Snappy daemon...
[[0;32m  OK  [0m] Started iSCSI initiator daemon (iscsid).
[[0;32m  OK  [0m] Started /etc/rc.local Compatibility.

[    9.045080] cloud-init[948]: Generating public/private ed25519 key pair.
[    9.051150] cloud-init[948]: Your identification has been saved in /etc/ssh/ssh_host_ed25519_key.
         Starting Login to default iSCSI targets...
[[0;32m  OK  [0m] Started Login Service.
[    9.062245] cloud-init[[0;32m  OK  [0m] Started Unattended Upgrades Shutdown.
[948]: Your public key has been saved in /etc/ssh/ssh_host_ed25519_key.pub.
[    9.074601] cloud-init[948]: The key fingerprint is:
[    9.076306] cloud-init[948]: SHA256:+NZKSW8bhJm+b55FfDTgqrQZEWRirVbQ7P9n4MHyVnc root@ubuntu-xenial
[    9.085082] cloud-init[948]: The key's randomart image is:
[    9.086450] cloud-init[948]: +--[ED25519 256]--+
[    9.087644] cloud-init[948]: |      +*+   .    |
[    9.091992] cloud-init[948]: |     . o=. . .   |
[    9.093028] cloud-init[948]: |       +.   . o  |
[    9.094258] cloud-init[948]: |      o..= o . . |
[    9.098322] cloud-init[948]: |     .. S.o.o .  |
[    9.100301] cloud-init[948]: |       = Xo.+.. E|
[    9.101626] cloud-init[948]: |        X ==.+ ..|
[    9.107509] cloud-init[948]: |       o +.== o  |
[    9.109117] cloud-init[948]: |        o+=. o   |
[    9.110665] cloud-init[948]: +----[SHA256]-----+
[[0;32m  OK  [0m] Started LSB: Record successful boot for GRUB.
[[0;32m  OK  [0m] Started LSB: MD monitoring daemon.
[[0;32m  OK  [0m] Started Login to default iSCSI targets.
[[0;32m  OK  [0m] Reached target Remote File Systems (Pre).
[[0;32m  OK  [0m] Reached target Remote File Systems.
         Starting LSB: automatic crash report generation...
         Starting LSB: Set the CPU Frequency Scaling governor to "ondemand"...
         Starting Permit User Sessions...
         Starting LSB: daemon to balance interrupts for SMP systems...
[[0;32m  OK  [0m] Started System Logging Service.
[[0;32m  OK  [0m] Started Permit User Sessions.
         Starting Terminate Plymouth Boot Screen...
         Starting Hold until boot process finishes up...
[[0;32m  OK  [0m] Started Terminate Plymouth Boot Screen.
[[0;32m  OK  [0m] Started Hold until boot process finishes up.
[[0;32m  OK  [0m] Started Getty on tty1.
         Starting Set console scheme...
[[0;32m  OK  [0m] Started Serial Getty on ttyS0.
[[0;32m  OK  [0m] Reached target Login Prompts.
[[0;32m  OK  [0m] Started Set console scheme.
[[0;32m  OK  [0m] Started LSB: Set the CPU Frequency Scaling governor to "ondemand".
         Starting Authenticate and Authorize Users to Run Privileged Tasks...
[[0;32m  OK  [0m] Started LSB: automatic crash report generation.
[[0;32m  OK  [0m] Started LSB: daemon to balance interrupts for SMP systems.
[[0;32m  OK  [0m] Started LXD - container startup/shutdown.
[[0;32m  OK  [0m] Started Authenticate and Authorize Users to Run Privileged Tasks.
[[0;32m  OK  [0m] Started Virtualbox guest utils.
[[0;32m  OK  [0m] Started Accounts Service.
[[0;32m  OK  [0m] Started Pollinate to seed the pseudo random number generator.
         Starting OpenBSD Secure Shell server...
[[0;32m  OK  [0m] Started Snappy daemon.
         Starting Wait until snapd is fully seeded...
[[0;32m  OK  [0m] Started OpenBSD Secure Shell server.
[[0;32m  OK  [0m] Started Wait until snapd is fully seeded.
         Starting Apply the settings specified in cloud-config...
[[0;32m  OK  [0m] Reached target Multi-User System.
[[0;32m  OK  [0m] Reached target Graphical Interface.
         Starting Update UTMP about System Runlevel Changes...
[[0;32m  OK  [0m] Started Update UTMP about System Runlevel Changes.
[   11.150257] cloud-init[1311]: Generating locales (this might take a while)...
[   12.215043] cloud-init[1311]:   en_US.UTF-8... done
[   12.215999] cloud-init[1311]: Generation complete.
[[0;32m  OK  [0m] Created slice User Slice of vagrant.
         Starting User Manager for UID 1000...
[[0;32m  OK  [0m] Started Session 1 of user vagrant.
[[0;32m  OK  [0m] Started User Manager for UID 1000.
[   12.558395] cloud-init[1311]: Cloud-init v. 19.2-36-g059d049c-0ubuntu2~16.04.1 running 'modules:config' at Wed, 18 Dec 2019 12:05:01 +0000. Up 11.02 seconds.
[[0;32m  OK  [0m] Started Apply the settings specified in cloud-config.
         Starting Execute cloud user/final scripts...
ci-info: no authorized ssh keys fingerprints found for user ubuntu.
<14>Dec 18 12:05:04 ec2: 
<14>Dec 18 12:05:04 ec2: #############################################################
<14>Dec 18 12:05:04 ec2: -----BEGIN SSH HOST KEY FINGERPRINTS-----
<14>Dec 18 12:05:04 ec2: 1024 SHA256:7iB7bCZmn22dTB3d/ko6ylqLIAD9QIy8+tYZsF5ErI8 root@ubuntu-xenial (DSA)
<14>Dec 18 12:05:04 ec2: 256 SHA256:hixskTuxjUFw9n701PnHExviO8vKoJ+1xaLubzTTGeo root@ubuntu-xenial (ECDSA)
<14>Dec 18 12:05:04 ec2: 256 SHA256:+NZKSW8bhJm+b55FfDTgqrQZEWRirVbQ7P9n4MHyVnc root@ubuntu-xenial (ED25519)
<14>Dec 18 12:05:04 ec2: 2048 SHA256:WzzL6tNgQQUJLUiZk4Op8eyr3u/gq/1U+CvIx4abs80 root@ubuntu-xenial (RSA)
<14>Dec 18 12:05:04 ec2: -----END SSH HOST KEY FINGERPRINTS-----
<14>Dec 18 12:05:04 ec2: #############################################################
-----BEGIN SSH HOST KEY KEYS-----
ecdsa-sha2-nistp256 AAAAE2VjZHNhLXNoYTItbmlzdHAyNTYAAAAIbmlzdHAyNTYAAABBBFwU41bxmwwv/V0G3RvbJ1H5qOp530+LFJ4M6TLtodaJruwNavzM4JgmWmrzTuUG3IAB+3hh98tqX7QWZO3F1hU= root@ubuntu-xenial
ssh-ed25519 AAAAC3NzaC1lZDI1NTE5AAAAIFCD4bVmicw5szFoFQQnn9tl4qo+wtZ3m+seWGvKoMSw root@ubuntu-xenial
ssh-rsa AAAAB3NzaC1yc2EAAAADAQABAAABAQDP9g7SS0OFmG9Jwxhf8BpDrfYYpBOBFJpPRLqSRrPtda0LWNi1oAzAlokUtEDIbcLyYYOV4u1+742jyjiFBv/dtUS8tcDbHiTRuz1Y2gDxOwpGyQ2Dih+oJPsBWihldXC1drz8k50odiVWsUb2CGttgDqokxA7DTKtMyWIv6teK0O0R0LiALzjLlzoDQfTLBQwfAGG5Ba3SZVDXnL/2PB3PohiwnHIZHP8orlDg+rutrtW/gHEhq6Z/T0Q6voFZkRYJDxHAwA2CC/TgpzCmO8Q7qJAaylk8ZiKfafSO/G/ABW/yV6G8Wh/J7Jva+YGmpbT/ZgFA/b68DPZi+HPZTEr root@ubuntu-xenial
-----END SSH HOST KEY KEYS-----
[   13.423132] cloud-init[1416]: Cloud-init v. 19.2-36-g059d049c-0ubuntu2~16.04.1 running 'modules:final' at Wed, 18 Dec 2019 12:05:03 +0000. Up 13.17 seconds.
[   13.425551] cloud-init[1416]: ci-info: no authorized ssh keys fingerprints found for user ubuntu.
[   13.427270] cloud-init[1416]: Cloud-init v. 19.2-36-g059d049c-0ubuntu2~16.04.1 finished at Wed, 18 Dec 2019 12:05:04 +0000. Datasource DataSourceNoCloud [seed=/dev/sdb][dsmode=net].  Up 13.40 seconds
[[0;32m  OK  [0m] Started Execute cloud user/final scripts.
[[0;32m  OK  [0m] Reached target Cloud-init target.

Ubuntu 16.04.6 LTS ubuntu-xenial ttyS0

ubuntu-xenial login: 